[duruthemes.com/demo/html/cappa/demo1-dark/index.html]
[backblue.gif]
[fade.gif]
[index.html]
[duruthemes.com/demo/html/cappa/demo1-dark/img/favicon.png]
[duruthemes.com/demo/html/cappa/demo1-dark/css/plugins.css]
[duruthemes.com/demo/html/cappa/demo1-dark/css/style.css]
[duruthemes.com/demo/html/cappa/demo1-dark/img/logo.png]
[duruthemes.com/demo/html/cappa/demo1-dark/index2.html]
[duruthemes.com/demo/html/cappa/demo1-dark/index3.html]
[duruthemes.com/demo/html/cappa/demo1-dark/index4.html]
[duruthemes.com/demo/html/cappa/demo1-dark/index5.html]
[duruthemes.com/demo/html/cappa/demo1-dark/index6.html]
[duruthemes.com/demo/html/cappa/demo1-dark/index7.html]
[duruthemes.com/demo/html/cappa/demo1-dark/index8.html]
[duruthemes.com/demo/html/cappa/demo1-dark/index9.html]
[duruthemes.com/demo/html/cappa/demo1-dark/index10.html]
[duruthemes.com/demo/html/cappa/demo1-dark/index11.html]
[duruthemes.com/demo/html/cappa/demo1-dark/index12.html]
[duruthemes.com/demo/html/cappa/demo1-dark/index13.html]
[duruthemes.com/demo/html/cappa/demo1-dark/index14.html]
[duruthemes.com/demo/html/cappa/demo1-dark/index15.html]
[duruthemes.com/demo/html/cappa/demo1-dark/about.html]
[duruthemes.com/demo/html/cappa/demo1-dark/rooms.html]
[duruthemes.com/demo/html/cappa/demo1-dark/rooms2.html]
[duruthemes.com/demo/html/cappa/demo1-dark/rooms3.html]
[duruthemes.com/demo/html/cappa/demo1-dark/room-details.html]
[duruthemes.com/demo/html/cappa/demo1-dark/restaurant.html]
[duruthemes.com/demo/html/cappa/demo1-dark/spa-wellness.html]
[duruthemes.com/demo/html/cappa/demo1-dark/services.html]
[duruthemes.com/demo/html/cappa/demo1-dark/facilities.html]
[duruthemes.com/demo/html/cappa/demo1-dark/gallery.html]
[duruthemes.com/demo/html/cappa/demo1-dark/team.html]
[duruthemes.com/demo/html/cappa/demo1-dark/pricing.html]
[duruthemes.com/demo/html/cappa/demo1-dark/careers.html]
[duruthemes.com/demo/html/cappa/demo1-dark/faq.html]
[duruthemes.com/demo/html/cappa/demo1-dark/404.html]
[duruthemes.com/demo/html/cappa/demo1-dark/coming-soon.html]
[duruthemes.com/demo/html/cappa/demo1-dark/news.html]
[duruthemes.com/demo/html/cappa/demo1-dark/news2.html]
[duruthemes.com/demo/html/cappa/demo1-dark/post.html]
[duruthemes.com/demo/html/cappa/demo1-dark/contact.html]
[duruthemes.com/demo/html/cappa/demo1-dark/img/slider/2.jpg]
[duruthemes.com/demo/html/cappa/demo1-dark/img/slider/3.jpg]
[duruthemes.com/demo/html/cappa/demo1-dark/img/slider/1.jpg]
[duruthemes.com/demo/html/cappa/demo1-dark/img/rooms/8.jpg]
[duruthemes.com/demo/html/cappa/demo1-dark/img/rooms/2.jpg]
[duruthemes.com/demo/html/cappa/demo1-dark/img/rooms/1.jpg]
[duruthemes.com/demo/html/cappa/demo1-dark/img/rooms/3.jpg]
[duruthemes.com/demo/html/cappa/demo1-dark/img/rooms/4.jpg]
[duruthemes.com/demo/html/cappa/demo1-dark/img/rooms/7.jpg]
[duruthemes.com/demo/html/cappa/demo1-dark/img/pricing/1.jpg]
[duruthemes.com/demo/html/cappa/demo1-dark/img/pricing/2.jpg]
[duruthemes.com/demo/html/cappa/demo1-dark/img/pricing/3.jpg]
[duruthemes.com/demo/html/cappa/demo1-dark/img/pricing/4.jpg]
[duruthemes.com/demo/html/cappa/demo1-dark/img/quot.png]
[duruthemes.com/demo/html/cappa/demo1-dark/img/team/4.jpg]
[duruthemes.com/demo/html/cappa/demo1-dark/img/team/1.jpg]
[duruthemes.com/demo/html/cappa/demo1-dark/img/team/5.jpg]
[duruthemes.com/demo/html/cappa/demo1-dark/img/restaurant/1.jpg]
[duruthemes.com/demo/html/cappa/demo1-dark/img/spa/3.jpg]
[duruthemes.com/demo/html/cappa/demo1-dark/img/spa/2.jpg]
[duruthemes.com/demo/html/cappa/demo1-dark/img/spa/1.jpg]
[duruthemes.com/demo/html/cappa/demo1-dark/img/news/1.jpg]
[duruthemes.com/demo/html/cappa/demo1-dark/img/news/2.jpg]
[duruthemes.com/demo/html/cappa/demo1-dark/img/news/3.jpg]
[duruthemes.com/demo/html/cappa/demo1-dark/img/news/4.jpg]
[duruthemes.com/demo/html/cappa/demo1-dark/img/news/6.jpg]
[duruthemes.com/demo/html/cappa/demo1-dark/img/news/5.jpg]
[duruthemes.com/demo/html/cappa/demo1-dark/img/clients/1.png]
[duruthemes.com/demo/html/cappa/demo1-dark/img/clients/2.png]
[duruthemes.com/demo/html/cappa/demo1-dark/img/clients/3.png]
[duruthemes.com/demo/html/cappa/demo1-dark/img/clients/4.png]
[duruthemes.com/demo/html/cappa/demo1-dark/img/clients/5.png]
[duruthemes.com/demo/html/cappa/demo1-dark/img/clients/6.png]
[duruthemes.com/demo/html/cappa/demo1-dark/js/jquery-3.6.3.min.js]
[duruthemes.com/demo/html/cappa/demo1-dark/js/jquery-migrate-3.0.0.min.js]
[duruthemes.com/demo/html/cappa/demo1-dark/js/modernizr-2.6.2.min.js]
[duruthemes.com/demo/html/cappa/demo1-dark/js/imagesloaded.pkgd.min.js]
[duruthemes.com/demo/html/cappa/demo1-dark/js/jquery.isotope.v3.0.2.js]
[duruthemes.com/demo/html/cappa/demo1-dark/js/pace.js]
[duruthemes.com/demo/html/cappa/demo1-dark/js/popper.min.js]
[duruthemes.com/demo/html/cappa/demo1-dark/js/bootstrap.min.js]
[duruthemes.com/demo/html/cappa/demo1-dark/js/scrollIt.min.js]
[duruthemes.com/demo/html/cappa/demo1-dark/js/jquery.waypoints.min.js]
[duruthemes.com/demo/html/cappa/demo1-dark/js/owl.carousel.min.js]
[duruthemes.com/demo/html/cappa/demo1-dark/js/jquery.stellar.min.js]
[duruthemes.com/demo/html/cappa/demo1-dark/js/jquery.magnific-popup.js]
[duruthemes.com/demo/html/cappa/demo1-dark/js/YouTubePopUp.js]
[duruthemes.com/demo/html/cappa/demo1-dark/js/select2.js]
[duruthemes.com/demo/html/cappa/demo1-dark/js/datepicker.js]
[duruthemes.com/demo/html/cappa/demo1-dark/js/smooth-scroll.min.js]
[duruthemes.com/demo/html/cappa/demo1-dark/js/custom.js]
[duruthemes.com/demo/html/cappa/demo1-dark/index.html]
[duruthemes.com/demo/html/cappa/demo1-dark/css/plugins/bootstrap.min.css]
[duruthemes.com/demo/html/cappa/demo1-dark/css/plugins/owl.carousel.min.css]
[duruthemes.com/demo/html/cappa/demo1-dark/css/plugins/owl.theme.default.min.css]
[duruthemes.com/demo/html/cappa/demo1-dark/css/plugins/animate.min.css]
[duruthemes.com/demo/html/cappa/demo1-dark/css/plugins/themify-icons.css]
[duruthemes.com/demo/html/cappa/demo1-dark/css/plugins/flaticon.css]
[duruthemes.com/demo/html/cappa/demo1-dark/css/plugins/magnific-popup.css]
[duruthemes.com/demo/html/cappa/demo1-dark/css/plugins/YouTubePopUp.css]
[duruthemes.com/demo/html/cappa/demo1-dark/css/plugins/select2.css]
[duruthemes.com/demo/html/cappa/demo1-dark/css/plugins/datepicker.css]
[duruthemes.com/demo/html/cappa/demo1-dark/css/plugins/vegas.slider.min.css]
[duruthemes.com/demo/html/cappa/demo1-dark/css/plugins.css]
[duruthemes.com/demo/html/cappa/demo1-dark/css/style.css]
[duruthemes.com/demo/html/cappa/demo1-dark/img/slider/4.jpg]
[duruthemes.com/demo/html/cappa/demo1-dark/index2.html]
[duruthemes.com/demo/html/cappa/demo1-dark/img/rooms/6.jpg]
[duruthemes.com/demo/html/cappa/demo1-dark/img/rooms/9.jpg]
[duruthemes.com/demo/html/cappa/demo1-dark/index3.html]
[duruthemes.com/demo/html/cappa/demo1-dark/index4.html]
[duruthemes.com/demo/html/cappa/demo1-dark/index5.html]
[duruthemes.com/demo/html/cappa/demo1-dark/index6.html]
[duruthemes.com/demo/html/cappa/demo1-dark/index7.html]
[duruthemes.com/demo/html/cappa/demo1-dark/index8.html]
[duruthemes.com/demo/html/cappa/demo1-dark/index9.html]
[duruthemes.com/demo/html/cappa/demo1-dark/index10.html]
[duruthemes.com/demo/html/cappa/demo1-dark/index11.html]
[duruthemes.com/demo/html/cappa/demo1-dark/index12.html]
[duruthemes.com/demo/html/cappa/demo1-dark/js/vegas.slider.min.js]
[duruthemes.com/demo/html/cappa/demo1-dark/index13.html]
[duruthemes.com/demo/html/cappa/demo1-dark/img/slider/5.jpg]
[duruthemes.com/demo/html/cappa/demo1-dark/img/slider/7.jpg]
[duruthemes.com/demo/html/cappa/demo1-dark/index14.html]
[duruthemes.com/demo/html/cappa/demo1-dark/index15.html]
[duruthemes.com/demo/html/cappa/demo1-dark/img/team/2.jpg]
[duruthemes.com/demo/html/cappa/demo1-dark/img/team/3.jpg]
[duruthemes.com/demo/html/cappa/demo1-dark/img/team/6.jpg]
[duruthemes.com/demo/html/cappa/demo1-dark/about.html]
[duruthemes.com/demo/html/cappa/demo1-dark/rooms.html]
[duruthemes.com/demo/html/cappa/demo1-dark/rooms2.html]
[duruthemes.com/demo/html/cappa/demo1-dark/rooms3.html]
[duruthemes.com/demo/html/cappa/demo1-dark/img/rooms/5.jpg]
[duruthemes.com/demo/html/cappa/demo1-dark/room-details.html]
[duruthemes.com/demo/html/cappa/demo1-dark/img/restaurant/2.jpg]
[duruthemes.com/demo/html/cappa/demo1-dark/img/restaurant/3.jpg]
[duruthemes.com/demo/html/cappa/demo1-dark/restaurant.html]
[duruthemes.com/demo/html/cappa/demo1-dark/spa-wellness.html]
[duruthemes.com/demo/html/cappa/demo1-dark/services.html]
[duruthemes.com/demo/html/cappa/demo1-dark/facilities.html]
[duruthemes.com/demo/html/cappa/demo1-dark/img/rooms/10.jpg]
[duruthemes.com/demo/html/cappa/demo1-dark/gallery.html]
[duruthemes.com/demo/html/cappa/demo1-dark/team.html]
[duruthemes.com/demo/html/cappa/demo1-dark/pricing.html]
[duruthemes.com/demo/html/cappa/demo1-dark/careers.html]
[duruthemes.com/demo/html/cappa/demo1-dark/faq.html]
[duruthemes.com/demo/html/cappa/demo1-dark/404.html]
[duruthemes.com/demo/html/cappa/demo1-dark/coming-soon.html]
[duruthemes.com/demo/html/cappa/demo1-dark/news.html]
[duruthemes.com/demo/html/cappa/demo1-dark/news2.html]
[duruthemes.com/demo/html/cappa/demo1-dark/post.html]
[duruthemes.com/demo/html/cappa/demo1-dark/contact.html]
[duruthemes.com/demo/html/cappa/demo1-dark/css/plugins/bootstrap.min.css]
[duruthemes.com/demo/html/cappa/demo1-dark/css/plugins/owl.carousel.min.css]
[duruthemes.com/demo/html/cappa/demo1-dark/css/plugins/owl.theme.default.min.css]
[duruthemes.com/demo/html/cappa/demo1-dark/css/plugins/animate.min.css]
[duruthemes.com/demo/html/cappa/demo1-dark/fonts/themify.eot]
[duruthemes.com/demo/html/cappa/demo1-dark/fonts/themifyd41d.eot]
[duruthemes.com/demo/html/cappa/demo1-dark/fonts/themify.woff]
[duruthemes.com/demo/html/cappa/demo1-dark/fonts/themify.ttf]
[duruthemes.com/demo/html/cappa/demo1-dark/css/plugins/themify-icons.css]
[duruthemes.com/demo/html/cappa/demo1-dark/fonts/themify.svg]
[duruthemes.com/demo/html/cappa/demo1-dark/fonts/Flaticon.eot]
[duruthemes.com/demo/html/cappa/demo1-dark/fonts/Flaticond41d.eot]
[duruthemes.com/demo/html/cappa/demo1-dark/fonts/Flaticon.woff2]
[duruthemes.com/demo/html/cappa/demo1-dark/fonts/Flaticon.woff]
[duruthemes.com/demo/html/cappa/demo1-dark/fonts/Flaticon.ttf]
[duruthemes.com/demo/html/cappa/demo1-dark/fonts/Flaticon.svg]
[duruthemes.com/demo/html/cappa/demo1-dark/css/plugins/flaticon.css]
[duruthemes.com/demo/html/cappa/demo1-dark/css/plugins/magnific-popup.css]
[duruthemes.com/demo/html/cappa/demo1-dark/css/plugins/close.png]
[duruthemes.com/demo/html/cappa/demo1-dark/css/plugins/YouTubePopUp.css]
[duruthemes.com/demo/html/cappa/demo1-dark/css/plugins/select2.css]
[duruthemes.com/demo/html/cappa/demo1-dark/css/plugins/datepicker.css]
[duruthemes.com/demo/html/cappa/demo1-dark/css/plugins/vegas.slider.min.css]
[duruthemes.com/demo/html/cappa/demo1-dark/post2.html]
[duruthemes.com/demo/html/cappa/demo1-dark/blog2.html]
[duruthemes.com/demo/html/cappa/demo1-dark/post3.html]
[duruthemes.com/demo/html/cappa/demo1-dark/css/plugins/owl.video.play.html]
[duruthemes.com/demo/html/cappa/demo1-dark/fonts/themify.svg]
[duruthemes.com/demo/html/cappa/demo1-dark/fonts/Flaticon.svg]
[duruthemes.com/demo/html/cappa/demo1-dark/css/plugins/Flaticon.html]
